<?xml version="1.0" encoding="UTF-8"?>
<testsuite name="com.techblog.App.AppApplicationTests" tests="1" skipped="0" failures="0" errors="0" timestamp="2023-10-26T13:31:58" hostname="DESKTOP-RT8G380" time="2.046">
  <properties/>
  <testcase name="contextLoads()" classname="com.techblog.App.AppApplicationTests" time="2.046"/>
  <system-out><![CDATA[20:31:52.807 [Test worker] INFO org.springframework.test.context.support.AnnotationConfigContextLoaderUtils -- Could not detect default configuration classes for test class [com.techblog.App.AppApplicationTests]: AppApplicationTests does not declare any static, non-private, non-final, nested classes annotated with @Configuration.
20:31:53.055 [Test worker] INFO org.springframework.boot.test.context.SpringBootTestContextBootstrapper -- Found @SpringBootConfiguration com.techblog.App.AppApplication for test class com.techblog.App.AppApplicationTests

  .   ____          _            __ _ _
 /\\ / ___'_ __ _ _(_)_ __  __ _ \ \ \ \
( ( )\___ | '_ | '_| | '_ \/ _` | \ \ \ \
 \\/  ___)| |_)| | | | | || (_| |  ) ) ) )
  '  |____| .__|_| |_|_| |_\__, | / / / /
 =========|_|==============|___/=/_/_/_/
 :: Spring Boot ::                (v3.1.5)

2023-10-26T20:31:54.386+07:00  INFO 12192 --- [    Test worker] com.techblog.App.AppApplicationTests     : Starting AppApplicationTests using Java 17.0.8 with PID 12192 (started by lecon in D:\8techblog\blog\App\App)
2023-10-26T20:31:54.392+07:00  INFO 12192 --- [    Test worker] com.techblog.App.AppApplicationTests     : No active profile set, falling back to 1 default profile: "default"
2023-10-26T20:31:58.705+07:00  INFO 12192 --- [    Test worker] com.techblog.App.AppApplicationTests     : Started AppApplicationTests in 4.862 seconds (process running for 8.551)
]]></system-out>
  <system-err><![CDATA[]]></system-err>
</testsuite>
